<?xml version="1.0" encoding="UTF-8"?>
<!-- Generated by org.testng.reporters.JUnitReportReporter -->
<testsuite hostname="TYSS-Shobha" failures="0" tests="1" name="DDT.FetchDataFromDataBaseTest" time="7.489" errors="0" timestamp="2024-06-19T11:10:45 IST" skipped="0">
  <testcase classname="DDT.FetchDataFromDataBaseTest" name="FetchDataFromDataBaseTest" time="7.489"/>
</testsuite> <!-- DDT.FetchDataFromDataBaseTest -->
