<?xml version="1.0" encoding="UTF-8"?>
<!-- Generated by org.testng.reporters.JUnitReportReporter -->
<testsuite hostname="TYSS-Shobha" failures="0" tests="3" name="testNg.BookTicket" time="0.011" errors="0" timestamp="2024-06-19T11:52:15 IST" skipped="0">
  <testcase classname="testNg.BookTicket" name="bookTicketTest" time="0.003"/>
  <testcase classname="testNg.BookTicket" name="bookTicketTest" time="0.007"/>
  <testcase classname="testNg.BookTicket" name="bookTicketTest" time="0.001"/>
</testsuite> <!-- testNg.BookTicket -->
