<?xml version="1.0" encoding="UTF-8"?>
<!-- Generated by org.testng.reporters.JUnitReportReporter -->
<testsuite hostname="TYSS-Shobha" failures="0" tests="3" name="testNg.SampleTest" time="0.016" errors="0" timestamp="2024-06-19T10:33:20 IST" skipped="0">
  <testcase classname="testNg.SampleTest" name="createProduct" time="0.011"/>
  <testcase classname="testNg.SampleTest" name="modifyProduct" time="0.001"/>
  <testcase classname="testNg.SampleTest" name="deleteProduct" time="0.004"/>
</testsuite> <!-- testNg.SampleTest -->
