<?xml version="1.0" encoding="UTF-8"?>
<!-- Generated by org.testng.reporters.JUnitReportReporter -->
<testsuite hostname="TYSS-Shobha" failures="0" tests="1" name="Product.CreateProductTest" time="18.712" errors="0" timestamp="2024-06-27T11:44:18 IST" skipped="0">
  <testcase classname="Product.CreateProductTest" name="createProductTest" time="18.712"/>
</testsuite> <!-- Product.CreateProductTest -->
