<?xml version="1.0" encoding="UTF-8"?>
<!-- Generated by org.testng.reporters.JUnitReportReporter -->
<testsuite hostname="TYSS-Shobha" failures="0" tests="1" name="Campaign.CreateCampaignWithProductTest" time="28.230" errors="0" timestamp="2024-06-21T11:15:48 IST" skipped="0">
  <testcase classname="Campaign.CreateCampaignWithProductTest" name="createCampaignWithProductTest" time="28.230"/>
</testsuite> <!-- Campaign.CreateCampaignWithProductTest -->
