<?xml version="1.0" encoding="UTF-8"?>
<!-- Generated by org.testng.reporters.JUnitReportReporter -->
<testsuite hostname="TYSS-Shobha" failures="0" tests="3" name="testNg.DataProviderEx2" time="0.016" errors="0" timestamp="2024-06-25T14:38:01 IST" skipped="0">
  <testcase classname="testNg.DataProviderEx2" name="bookTicketTest" time="0.002"/>
  <testcase classname="testNg.DataProviderEx2" name="bookTicketTest" time="0.002"/>
  <testcase classname="testNg.DataProviderEx2" name="bookTicketTest" time="0.012"/>
</testsuite> <!-- testNg.DataProviderEx2 -->
