<?xml version="1.0" encoding="UTF-8"?>
<!-- Generated by org.testng.reporters.JUnitReportReporter -->
<testsuite hostname="TYSS-Shobha" failures="0" tests="3" name="testNg.DataProviderEx4" time="58.098" errors="0" timestamp="2024-06-20T11:49:57 IST" skipped="0">
  <testcase classname="testNg.DataProviderEx4" name="data" time="19.279"/>
  <testcase classname="testNg.DataProviderEx4" name="data" time="19.066"/>
  <testcase classname="testNg.DataProviderEx4" name="data" time="19.753"/>
</testsuite> <!-- testNg.DataProviderEx4 -->
