<?xml version="1.0" encoding="UTF-8"?>
<!-- Generated by org.testng.reporters.JUnitReportReporter -->
<testsuite hostname="TYSS-Shobha" failures="0" tests="1" name="Campaign.CreateCampaignTest" time="19.373" errors="0" timestamp="2024-06-27T11:44:18 IST" skipped="0">
  <testcase classname="Campaign.CreateCampaignTest" name="createCampaignTest" time="19.373"/>
</testsuite> <!-- Campaign.CreateCampaignTest -->
