<?xml version="1.0" encoding="UTF-8"?>
<!-- Generated by org.testng.reporters.JUnitReportReporter -->
<testsuite hostname="TYSS-Shobha" failures="0" tests="3" name="testNg.DataProviderEx3" time="55.229" errors="0" timestamp="2024-06-20T11:06:09 IST" skipped="0">
  <testcase classname="testNg.DataProviderEx3" name="data" time="17.744"/>
  <testcase classname="testNg.DataProviderEx3" name="data" time="19.250"/>
  <testcase classname="testNg.DataProviderEx3" name="data" time="18.235"/>
</testsuite> <!-- testNg.DataProviderEx3 -->
